<?xml version="1.0" encoding="UTF-8"?>
<!-- Generated by org.testng.reporters.JUnitReportReporter -->
<testsuite hostname="ajay-singh-lodhi" failures="0" tests="62" name="Vidzet.vidzet" time="1613.132" errors="1" timestamp="2022-11-12T17:27:01 IST" skipped="0">
  <testcase classname="Vidzet.vidzet" name="test35" time="34.897"/>
  <system-out/>
  <testcase classname="Vidzet.vidzet" name="test03" time="6.186"/>
  <system-out/>
  <testcase classname="Vidzet.vidzet" name="test23" time="25.308"/>
  <system-out/>
  <testcase classname="Vidzet.vidzet" name="test13" time="12.012"/>
  <system-out/>
  <testcase classname="Vidzet.vidzet" name="test24" time="28.023"/>
  <system-out/>
  <testcase classname="Vidzet.vidzet" name="test05" time="7.399"/>
  <system-out/>
  <testcase classname="Vidzet.vidzet" name="test32" time="28.918"/>
  <system-out/>
  <testcase classname="Vidzet.vidzet" name="test34" time="29.764"/>
  <system-out/>
  <testcase classname="Vidzet.vidzet" name="test41" time="31.926"/>
  <system-out/>
  <testcase classname="Vidzet.vidzet" name="test08" time="4.866"/>
  <system-out/>
  <testcase classname="Vidzet.vidzet" name="test54" time="29.676"/>
  <system-out/>
  <testcase classname="Vidzet.vidzet" name="test02" time="6.156"/>
  <system-out/>
  <testcase classname="Vidzet.vidzet" name="test45" time="48.806"/>
  <system-out/>
  <testcase classname="Vidzet.vidzet" name="test61" time="28.489"/>
  <system-out/>
  <testcase classname="Vidzet.vidzet" name="test39" time="30.741"/>
  <system-out/>
  <testcase classname="Vidzet.vidzet" name="test10" time="7.279"/>
  <system-out/>
  <testcase classname="Vidzet.vidzet" name="test52" time="31.566"/>
  <system-out/>
  <testcase classname="Vidzet.vidzet" name="test55" time="31.223"/>
  <system-out/>
  <testcase classname="Vidzet.vidzet" name="test33" time="28.605"/>
  <system-out/>
  <testcase classname="Vidzet.vidzet" name="test56" time="52.890"/>
  <system-out/>
  <testcase classname="Vidzet.vidzet" name="test40" time="30.706"/>
  <system-out/>
  <testcase classname="Vidzet.vidzet" name="test38" time="30.393"/>
  <system-out/>
  <testcase classname="Vidzet.vidzet" name="test49" time="28.424"/>
  <system-out/>
  <testcase classname="Vidzet.vidzet" name="test16" time="13.619"/>
  <system-out/>
  <testcase classname="Vidzet.vidzet" name="test29" time="63.131"/>
  <system-out/>
  <testcase classname="Vidzet.vidzet" name="test36" time="30.357"/>
  <system-out/>
  <testcase classname="Vidzet.vidzet" name="test04" time="7.313"/>
  <system-out/>
  <testcase classname="Vidzet.vidzet" name="test19" time="22.803"/>
  <system-out/>
  <testcase classname="Vidzet.vidzet" name="test07" time="7.356"/>
  <system-out/>
  <testcase classname="Vidzet.vidzet" name="test51" time="26.618"/>
  <system-out/>
  <testcase classname="Vidzet.vidzet" name="test47" time="61.529"/>
  <system-out/>
  <testcase classname="Vidzet.vidzet" name="test18" time="20.131"/>
  <system-out/>
  <testcase classname="Vidzet.vidzet" name="test25" time="33.633"/>
  <system-out/>
  <testcase classname="Vidzet.vidzet" name="test00" time="6.562"/>
  <system-out/>
  <testcase classname="Vidzet.vidzet" name="test21" time="25.819"/>
  <system-out/>
  <testcase classname="Vidzet.vidzet" name="test06" time="7.237"/>
  <system-out/>
  <testcase classname="Vidzet.vidzet" name="test53" time="41.208"/>
  <system-out/>
  <testcase classname="Vidzet.vidzet" name="test26" time="27.970"/>
  <system-out/>
  <testcase classname="Vidzet.vidzet" name="test42" time="31.473"/>
  <system-out/>
  <testcase classname="Vidzet.vidzet" name="test44" time="50.093"/>
  <system-out/>
  <testcase classname="Vidzet.vidzet" name="test57" time="55.849"/>
  <system-out/>
  <testcase classname="Vidzet.vidzet" name="test01" time="5.065"/>
  <system-out/>
  <testcase classname="Vidzet.vidzet" name="test48" time="28.081"/>
  <system-out/>
  <testcase classname="Vidzet.vidzet" name="test59" time="25.506"/>
  <system-out/>
  <testcase classname="Vidzet.vidzet" name="test15" time="8.524"/>
  <system-out/>
  <testcase classname="Vidzet.vidzet" name="test11" time="9.899"/>
  <system-out/>
  <testcase classname="Vidzet.vidzet" name="test14" time="8.364"/>
  <system-out/>
  <testcase classname="Vidzet.vidzet" name="test27" time="27.867"/>
  <system-out/>
  <testcase classname="Vidzet.vidzet" name="test20" time="20.163"/>
  <system-out/>
  <testcase classname="Vidzet.vidzet" name="test50" time="19.973">
    <error message="unexpected alert open: {Alert text : User Rejected Call!}
  (Session info: chrome=107.0.5304.87): User Rejected Call!
Build info: version: &#039;3.141.59&#039;, revision: &#039;e82be7d358&#039;, time: &#039;2018-11-14T08:25:53&#039;
System info: host: &#039;ajay-singh-lodhi&#039;, ip: &#039;192.168.2.157&#039;, os.name: &#039;Linux&#039;, os.arch: &#039;amd64&#039;, os.version: &#039;4.15.0-196-generic&#039;, java.version: &#039;16.0.2&#039;
Driver info: org.openqa.selenium.chrome.ChromeDriver
Capabilities {acceptInsecureCerts: false, browserName: chrome, browserVersion: 107.0.5304.87, chrome: {chromedriverVersion: 107.0.5304.62 (1eec40d3a576..., userDataDir: /tmp/.com.google.Chrome.m2J9RN}, goog:chromeOptions: {debuggerAddress: localhost:36477}, javascriptEnabled: true, networkConnectionEnabled: false, pageLoadStrategy: normal, platform: LINUX, platformName: LINUX, proxy: Proxy(), setWindowRect: true, strictFileInteractability: false, timeouts: {implicit: 0, pageLoad: 300000, script: 30000}, unhandledPromptBehavior: dismiss and notify, webauthn:extension:credBlob: true, webauthn:extension:largeBlob: true, webauthn:virtualAuthenticators: true}
Session ID: 5475b10a3a2dd34d1d1156fb1647495b" type="org.openqa.selenium.UnhandledAlertException">
      <![CDATA[org.openqa.selenium.UnhandledAlertException: unexpected alert open: {Alert text : User Rejected Call!}
  (Session info: chrome=107.0.5304.87): User Rejected Call!
Build info: version: '3.141.59', revision: 'e82be7d358', time: '2018-11-14T08:25:53'
System info: host: 'ajay-singh-lodhi', ip: '192.168.2.157', os.name: 'Linux', os.arch: 'amd64', os.version: '4.15.0-196-generic', java.version: '16.0.2'
Driver info: org.openqa.selenium.chrome.ChromeDriver
Capabilities {acceptInsecureCerts: false, browserName: chrome, browserVersion: 107.0.5304.87, chrome: {chromedriverVersion: 107.0.5304.62 (1eec40d3a576..., userDataDir: /tmp/.com.google.Chrome.m2J9RN}, goog:chromeOptions: {debuggerAddress: localhost:36477}, javascriptEnabled: true, networkConnectionEnabled: false, pageLoadStrategy: normal, platform: LINUX, platformName: LINUX, proxy: Proxy(), setWindowRect: true, strictFileInteractability: false, timeouts: {implicit: 0, pageLoad: 300000, script: 30000}, unhandledPromptBehavior: dismiss and notify, webauthn:extension:credBlob: true, webauthn:extension:largeBlob: true, webauthn:virtualAuthenticators: true}
Session ID: 5475b10a3a2dd34d1d1156fb1647495b
at org.openqa.selenium.remote.http.W3CHttpResponseCodec.decode(W3CHttpResponseCodec.java:120)
at org.openqa.selenium.remote.http.W3CHttpResponseCodec.decode(W3CHttpResponseCodec.java:49)
at org.openqa.selenium.remote.HttpCommandExecutor.execute(HttpCommandExecutor.java:158)
at org.openqa.selenium.remote.service.DriverCommandExecutor.execute(DriverCommandExecutor.java:83)
at org.openqa.selenium.remote.RemoteWebDriver.execute(RemoteWebDriver.java:552)
at org.openqa.selenium.remote.RemoteWebDriver.execute(RemoteWebDriver.java:609)
at org.openqa.selenium.remote.RemoteWebDriver.close(RemoteWebDriver.java:442)
at Vidzet.vidzet.test50(vidzet.java:3684)
at java.base/jdk.internal.reflect.NativeMethodAccessorImpl.invoke0(Native Method)
at java.base/jdk.internal.reflect.NativeMethodAccessorImpl.invoke(NativeMethodAccessorImpl.java:78)
at java.base/jdk.internal.reflect.DelegatingMethodAccessorImpl.invoke(DelegatingMethodAccessorImpl.java:43)
at java.base/java.lang.reflect.Method.invoke(Method.java:567)
at org.testng.internal.MethodInvocationHelper.invokeMethod(MethodInvocationHelper.java:133)
at org.testng.internal.TestInvoker.invokeMethod(TestInvoker.java:598)
at org.testng.internal.TestInvoker.invokeTestMethod(TestInvoker.java:173)
at org.testng.internal.MethodRunner.runInSequence(MethodRunner.java:46)
at org.testng.internal.TestInvoker$MethodInvocationAgent.invoke(TestInvoker.java:824)
at org.testng.internal.TestInvoker.invokeTestMethods(TestInvoker.java:146)
at org.testng.internal.TestMethodWorker.invokeTestMethods(TestMethodWorker.java:146)
at org.testng.internal.TestMethodWorker.run(TestMethodWorker.java:128)
at java.base/java.util.ArrayList.forEach(ArrayList.java:1511)
at org.testng.TestRunner.privateRun(TestRunner.java:794)
at org.testng.TestRunner.run(TestRunner.java:596)
at org.testng.SuiteRunner.runTest(SuiteRunner.java:377)
at org.testng.SuiteRunner.runSequentially(SuiteRunner.java:371)
at org.testng.SuiteRunner.privateRun(SuiteRunner.java:332)
at org.testng.SuiteRunner.run(SuiteRunner.java:276)
at org.testng.SuiteRunnerWorker.runSuite(SuiteRunnerWorker.java:53)
at org.testng.SuiteRunnerWorker.run(SuiteRunnerWorker.java:96)
at org.testng.TestNG.runSuitesSequentially(TestNG.java:1212)
at org.testng.TestNG.runSuitesLocally(TestNG.java:1134)
at org.testng.TestNG.runSuites(TestNG.java:1063)
at org.testng.TestNG.run(TestNG.java:1031)
at org.testng.remote.AbstractRemoteTestNG.run(AbstractRemoteTestNG.java:115)
at org.testng.remote.RemoteTestNG.initAndRun(RemoteTestNG.java:251)
at org.testng.remote.RemoteTestNG.main(RemoteTestNG.java:77)
]]>
    </error>
  </testcase> <!-- test50 -->
  <system-out/>
  <testcase classname="Vidzet.vidzet" name="test58" time="36.799"/>
  <system-out/>
  <testcase classname="Vidzet.vidzet" name="test17" time="20.091"/>
  <system-out/>
  <testcase classname="Vidzet.vidzet" name="test28" time="31.081"/>
  <system-out/>
  <testcase classname="Vidzet.vidzet" name="test30" time="28.981"/>
  <system-out/>
  <testcase classname="Vidzet.vidzet" name="test09" time="4.942"/>
  <system-out/>
  <testcase classname="Vidzet.vidzet" name="test46" time="49.078"/>
  <system-out/>
  <testcase classname="Vidzet.vidzet" name="test43" time="36.887"/>
  <system-out/>
  <testcase classname="Vidzet.vidzet" name="test22" time="25.679"/>
  <system-out/>
  <testcase classname="Vidzet.vidzet" name="test12" time="10.984"/>
  <system-out/>
  <testcase classname="Vidzet.vidzet" name="test60" time="28.209"/>
  <system-out/>
  <testcase classname="Vidzet.vidzet" name="test37" time="31.441"/>
  <system-out/>
  <testcase classname="Vidzet.vidzet" name="test31" time="28.564"/>
  <system-out/>
</testsuite> <!-- Vidzet.vidzet -->
